Bowlingg/Temp/gradleOut/unityLibrary/build/intermediates/manifest_merge_blame_file/release/manifest-merger-blame-release-report.txt
1<?xml version="1.0" encoding="utf-8"?>
2<!-- GENERATED BY UNITY. REMOVE THIS COMMENT TO PREVENT OVERWRITING WHEN EXPORTING AGAIN -->
3<manifest xmlns:android="http://schemas.android.com/apk/res/android"
4    xmlns:tools="http://schemas.android.com/tools"
5    package="com.unity3d.player"
6    android:installLocation="auto"
7    android:versionCode="1"
8    android:versionName="0.1" >
9
10    <uses-sdk
11        android:minSdkVersion="23"
11-->src/main/AndroidManifest.xml
12        android:targetSdkVersion="30" />
12-->src/main/AndroidManifest.xml
13
14    <uses-feature android:glEsVersion="0x00030000" />
14-->src/main/AndroidManifest.xml:22:3-52
14-->src/main/AndroidManifest.xml:22:17-49
15
16    <supports-gl-texture android:name="GL_KHR_texture_compression_astc_ldr" />
16-->src/main/AndroidManifest.xml:23:3-77
16-->src/main/AndroidManifest.xml:23:24-74
17
18    <uses-permission android:name="android.permission.INTERNET" />
18-->src/main/AndroidManifest.xml:24:3-65
18-->src/main/AndroidManifest.xml:24:20-62
19
20    <uses-feature
20-->src/main/AndroidManifest.xml:25:3-88
21        android:name="android.hardware.touchscreen"
21-->src/main/AndroidManifest.xml:25:17-60
22        android:required="false" />
22-->src/main/AndroidManifest.xml:25:61-85
23    <uses-feature
23-->src/main/AndroidManifest.xml:26:3-99
24        android:name="android.hardware.touchscreen.multitouch"
24-->src/main/AndroidManifest.xml:26:17-71
25        android:required="false" />
25-->src/main/AndroidManifest.xml:26:72-96
26    <uses-feature
26-->src/main/AndroidManifest.xml:27:3-108
27        android:name="android.hardware.touchscreen.multitouch.distinct"
27-->src/main/AndroidManifest.xml:27:17-80
28        android:required="false" />
28-->src/main/AndroidManifest.xml:27:81-105
29    <uses-feature
29-->src/main/AndroidManifest.xml:28:3-111
30        android:name="android.hardware.vr.headtracking"
30-->src/main/AndroidManifest.xml:28:17-64
31        android:required="true"
31-->src/main/AndroidManifest.xml:28:65-88
32        android:version="1" />
32-->src/main/AndroidManifest.xml:28:89-108
33
34    <application>
34-->src/main/AndroidManifest.xml:4:3-21:17
35        <activity
35-->src/main/AndroidManifest.xml:5:5-13:16
36            android:name="com.unity3d.player.UnityPlayerActivity"
36-->src/main/AndroidManifest.xml:5:15-68
37            android:configChanges="keyboard|keyboardHidden|navigation|orientation|screenLayout|screenSize|uiMode"
37-->src/main/AndroidManifest.xml:5:204-305
38            android:hardwareAccelerated="false"
38-->src/main/AndroidManifest.xml:5:341-376
39            android:launchMode="singleTask"
39-->src/main/AndroidManifest.xml:5:172-203
40            android:resizeableActivity="false"
40-->src/main/AndroidManifest.xml:5:306-340
41            android:screenOrientation="landscape"
41-->src/main/AndroidManifest.xml:5:134-171
42            android:theme="@android:style/Theme.Black.NoTitleBar.Fullscreen" >
42-->src/main/AndroidManifest.xml:5:69-133
43            <intent-filter>
43-->src/main/AndroidManifest.xml:6:7-10:23
44                <action android:name="android.intent.action.MAIN" />
44-->src/main/AndroidManifest.xml:7:9-61
44-->src/main/AndroidManifest.xml:7:17-58
45
46                <category android:name="android.intent.category.LAUNCHER" />
46-->src/main/AndroidManifest.xml:8:9-69
46-->src/main/AndroidManifest.xml:8:19-66
47                <category android:name="com.oculus.intent.category.VR" />
47-->src/main/AndroidManifest.xml:9:9-66
47-->src/main/AndroidManifest.xml:9:19-63
48            </intent-filter>
49
50            <meta-data
50-->src/main/AndroidManifest.xml:11:7-82
51                android:name="unityplayer.UnityActivity"
51-->src/main/AndroidManifest.xml:11:18-58
52                android:value="true" />
52-->src/main/AndroidManifest.xml:11:59-79
53            <meta-data
53-->src/main/AndroidManifest.xml:12:7-81
54                android:name="com.oculus.vr.focusaware"
54-->src/main/AndroidManifest.xml:12:18-57
55                android:value="true" />
55-->src/main/AndroidManifest.xml:12:58-78
56        </activity>
57
58        <meta-data
58-->src/main/AndroidManifest.xml:14:5-69
59            android:name="unity.splash-mode"
59-->src/main/AndroidManifest.xml:14:16-48
60            android:value="0" />
60-->src/main/AndroidManifest.xml:14:49-66
61        <meta-data
61-->src/main/AndroidManifest.xml:15:5-74
62            android:name="unity.splash-enable"
62-->src/main/AndroidManifest.xml:15:16-50
63            android:value="True" />
63-->src/main/AndroidManifest.xml:15:51-71
64        <meta-data
64-->src/main/AndroidManifest.xml:16:5-84
65            android:name="unity.allow-resizable-window"
65-->src/main/AndroidManifest.xml:16:16-59
66            android:value="False" />
66-->src/main/AndroidManifest.xml:16:60-81
67        <meta-data
67-->src/main/AndroidManifest.xml:17:5-101
68            android:name="unity.build-id"
68-->src/main/AndroidManifest.xml:17:16-45
69            android:value="8c426a68-8d5b-4ebb-ae53-7c688ba84b11" />
69-->src/main/AndroidManifest.xml:17:46-98
70        <meta-data
70-->src/main/AndroidManifest.xml:18:5-97
71            android:name="com.samsung.android.vr.application.mode"
71-->src/main/AndroidManifest.xml:18:16-70
72            android:value="vr_only" />
72-->src/main/AndroidManifest.xml:18:71-94
73        <meta-data
73-->src/main/AndroidManifest.xml:19:5-91
74            android:name="com.unity.xr.oculus.LowOverheadMode"
74-->src/main/AndroidManifest.xml:19:16-66
75            android:value="false" />
75-->src/main/AndroidManifest.xml:19:67-88
76        <meta-data
76-->src/main/AndroidManifest.xml:20:5-90
77            android:name="com.oculus.supportedDevices"
77-->src/main/AndroidManifest.xml:20:16-58
78            android:value="quest|quest2" />
78-->src/main/AndroidManifest.xml:20:59-87
79    </application>
80
81</manifest>